2020-07-22 10:49:44:   <-- POST /v1/goods/pagelist
2020-07-22 10:49:44: in
2020-07-22 10:49:44: SuccessModel {
  code: '0000',
  data: [
    {
      sortNo: 1001,
      goodsId: '101280853903474298880',
      markImageUrl: '',
      commdty: [Object],
      tags: ''
    },
    {
      sortNo: 100000,
      goodsId: '101262295087627505664',
      markImageUrl: '',
      commdty: [Object],
      tags: ''
    }
  ],
  msg: '成功'
} result
2020-07-22 10:49:44: POST /v1/goods/pagelist - 59ms
2020-07-22 10:49:44:   --> POST /v1/goods/pagelist 200 67ms 1.67kb
2020-07-22 10:49:44:   <-- POST /v1/goods/pagelist
2020-07-22 10:49:44: in
2020-07-22 10:49:44: SuccessModel {
  code: '0000',
  data: [
    {
      sortNo: 1001,
      goodsId: '101280853903474298880',
      markImageUrl: '',
      commdty: [Object],
      tags: ''
    },
    {
      sortNo: 100000,
      goodsId: '101262295087627505664',
      markImageUrl: '',
      commdty: [Object],
      tags: ''
    }
  ],
  msg: '成功'
} result
2020-07-22 10:49:44: POST /v1/goods/pagelist - 6ms
2020-07-22 10:49:44:   --> POST /v1/goods/pagelist 200 7ms 1.67kb
2020-07-22 10:49:44:   <-- POST /v1/goods/pagelist
2020-07-22 10:49:44: in
2020-07-22 10:49:44: SuccessModel {
  code: '0000',
  data: [
    {
      sortNo: 1001,
      goodsId: '101280853903474298880',
      markImageUrl: '',
      commdty: [Object],
      tags: ''
    },
    {
      sortNo: 100000,
      goodsId: '101262295087627505664',
      markImageUrl: '',
      commdty: [Object],
      tags: ''
    }
  ],
  msg: '成功'
} result
2020-07-22 10:49:44: POST /v1/goods/pagelist - 13ms
2020-07-22 10:49:44:   --> POST /v1/goods/pagelist 200 14ms 1.67kb
2020-07-22 10:49:45:   <-- POST /v1/goods/pagelist
2020-07-22 10:49:45: in
2020-07-22 10:49:45: SuccessModel {
  code: '0000',
  data: [
    {
      sortNo: 1001,
      goodsId: '101280853903474298880',
      markImageUrl: '',
      commdty: [Object],
      tags: ''
    },
    {
      sortNo: 100000,
      goodsId: '101262295087627505664',
      markImageUrl: '',
      commdty: [Object],
      tags: ''
    }
  ],
  msg: '成功'
} result
2020-07-22 10:49:45: POST /v1/goods/pagelist - 7ms
2020-07-22 10:49:45:   --> POST /v1/goods/pagelist 200 7ms 1.67kb
2020-07-22 10:49:45:   <-- POST /v1/goods/pagelist
2020-07-22 10:49:45: in
2020-07-22 10:49:45: SuccessModel {
  code: '0000',
  data: [
    {
      sortNo: 1001,
      goodsId: '101280853903474298880',
      markImageUrl: '',
      commdty: [Object],
      tags: ''
    },
    {
      sortNo: 100000,
      goodsId: '101262295087627505664',
      markImageUrl: '',
      commdty: [Object],
      tags: ''
    }
  ],
  msg: '成功'
} result
2020-07-22 10:49:45: POST /v1/goods/pagelist - 23ms
2020-07-22 10:49:45:   --> POST /v1/goods/pagelist 200 24ms 1.67kb
2020-07-22 10:49:45:   <-- POST /v1/goods/pagelist
2020-07-22 10:49:45: in
2020-07-22 10:49:45: SuccessModel {
  code: '0000',
  data: [
    {
      sortNo: 1001,
      goodsId: '101280853903474298880',
      markImageUrl: '',
      commdty: [Object],
      tags: ''
    },
    {
      sortNo: 100000,
      goodsId: '101262295087627505664',
      markImageUrl: '',
      commdty: [Object],
      tags: ''
    }
  ],
  msg: '成功'
} result
2020-07-22 10:49:45: POST /v1/goods/pagelist - 6ms
2020-07-22 10:49:45:   --> POST /v1/goods/pagelist 200 7ms 1.67kb
2020-07-22 10:49:45:   <-- POST /v1/goods/pagelist
2020-07-22 10:49:45: in
2020-07-22 10:49:45: SuccessModel {
  code: '0000',
  data: [
    {
      sortNo: 1001,
      goodsId: '101280853903474298880',
      markImageUrl: '',
      commdty: [Object],
      tags: ''
    },
    {
      sortNo: 100000,
      goodsId: '101262295087627505664',
      markImageUrl: '',
      commdty: [Object],
      tags: ''
    }
  ],
  msg: '成功'
} result
2020-07-22 10:49:45: POST /v1/goods/pagelist - 12ms
2020-07-22 10:49:45:   --> POST /v1/goods/pagelist 200 13ms 1.67kb
2020-07-22 10:51:35:   <-- POST /v1/goods/pagelist
2020-07-22 10:51:35: in
2020-07-22 10:51:35: SuccessModel {
  code: '0000',
  data: [
    {
      sortNo: 1001,
      goodsId: '101280853903474298880',
      markImageUrl: '',
      commdty: [Object],
      tags: ''
    },
    {
      sortNo: 100000,
      goodsId: '101262295087627505664',
      markImageUrl: '',
      commdty: [Object],
      tags: ''
    }
  ],
  msg: '成功'
} result
2020-07-22 10:51:35: POST /v1/goods/pagelist - 21ms
2020-07-22 10:51:35:   --> POST /v1/goods/pagelist 200 22ms 1.67kb
2020-07-22 10:51:36:   <-- POST /v1/goods/pagelist
2020-07-22 10:51:36: in
2020-07-22 10:51:36: SuccessModel {
  code: '0000',
  data: [
    {
      sortNo: 1001,
      goodsId: '101280853903474298880',
      markImageUrl: '',
      commdty: [Object],
      tags: ''
    },
    {
      sortNo: 100000,
      goodsId: '101262295087627505664',
      markImageUrl: '',
      commdty: [Object],
      tags: ''
    }
  ],
  msg: '成功'
} result
2020-07-22 10:51:36: POST /v1/goods/pagelist - 10ms
2020-07-22 10:51:36:   --> POST /v1/goods/pagelist 200 12ms 1.67kb
2020-07-22 10:51:36:   <-- POST /v1/goods/pagelist
2020-07-22 10:51:36: in
2020-07-22 10:51:36: SuccessModel {
  code: '0000',
  data: [
    {
      sortNo: 1001,
      goodsId: '101280853903474298880',
      markImageUrl: '',
      commdty: [Object],
      tags: ''
    },
    {
      sortNo: 100000,
      goodsId: '101262295087627505664',
      markImageUrl: '',
      commdty: [Object],
      tags: ''
    }
  ],
  msg: '成功'
} result
2020-07-22 10:51:36: POST /v1/goods/pagelist - 22ms
2020-07-22 10:51:36:   --> POST /v1/goods/pagelist 200 23ms 1.67kb
2020-07-22 10:51:36:   <-- POST /v1/goods/pagelist
2020-07-22 10:51:36: in
2020-07-22 10:51:36: SuccessModel {
  code: '0000',
  data: [
    {
      sortNo: 1001,
      goodsId: '101280853903474298880',
      markImageUrl: '',
      commdty: [Object],
      tags: ''
    },
    {
      sortNo: 100000,
      goodsId: '101262295087627505664',
      markImageUrl: '',
      commdty: [Object],
      tags: ''
    }
  ],
  msg: '成功'
} result
2020-07-22 10:51:36: POST /v1/goods/pagelist - 9ms
2020-07-22 10:51:36:   --> POST /v1/goods/pagelist 200 10ms 1.67kb
2020-07-22 10:51:36:   <-- POST /v1/goods/pagelist
2020-07-22 10:51:36: in
2020-07-22 10:51:36: SuccessModel {
  code: '0000',
  data: [
    {
      sortNo: 1001,
      goodsId: '101280853903474298880',
      markImageUrl: '',
      commdty: [Object],
      tags: ''
    },
    {
      sortNo: 100000,
      goodsId: '101262295087627505664',
      markImageUrl: '',
      commdty: [Object],
      tags: ''
    }
  ],
  msg: '成功'
} result
2020-07-22 10:51:36: POST /v1/goods/pagelist - 7ms
2020-07-22 10:51:36:   --> POST /v1/goods/pagelist 200 9ms 1.67kb
2020-07-22 10:51:37:   <-- POST /v1/goods/pagelist
2020-07-22 10:51:37: in
2020-07-22 10:51:37: SuccessModel {
  code: '0000',
  data: [
    {
      sortNo: 1001,
      goodsId: '101280853903474298880',
      markImageUrl: '',
      commdty: [Object],
      tags: ''
    },
    {
      sortNo: 100000,
      goodsId: '101262295087627505664',
      markImageUrl: '',
      commdty: [Object],
      tags: ''
    }
  ],
  msg: '成功'
} result
2020-07-22 10:51:37: POST /v1/goods/pagelist - 6ms
2020-07-22 10:51:37:   --> POST /v1/goods/pagelist 200 8ms 1.67kb
2020-07-22 10:51:37:   <-- POST /v1/goods/pagelist
2020-07-22 10:51:37: in
2020-07-22 10:51:37: SuccessModel {
  code: '0000',
  data: [
    {
      sortNo: 1001,
      goodsId: '101280853903474298880',
      markImageUrl: '',
      commdty: [Object],
      tags: ''
    },
    {
      sortNo: 100000,
      goodsId: '101262295087627505664',
      markImageUrl: '',
      commdty: [Object],
      tags: ''
    }
  ],
  msg: '成功'
} result
2020-07-22 10:51:37: POST /v1/goods/pagelist - 7ms
2020-07-22 10:51:37:   --> POST /v1/goods/pagelist 200 8ms 1.67kb
2020-07-22 10:51:37:   <-- POST /v1/goods/pagelist
2020-07-22 10:51:37: in
2020-07-22 10:51:37: SuccessModel {
  code: '0000',
  data: [
    {
      sortNo: 1001,
      goodsId: '101280853903474298880',
      markImageUrl: '',
      commdty: [Object],
      tags: ''
    },
    {
      sortNo: 100000,
      goodsId: '101262295087627505664',
      markImageUrl: '',
      commdty: [Object],
      tags: ''
    }
  ],
  msg: '成功'
} result
2020-07-22 10:51:37: POST /v1/goods/pagelist - 12ms
2020-07-22 10:51:37:   --> POST /v1/goods/pagelist 200 13ms 1.67kb
2020-07-22 10:51:37:   <-- POST /v1/goods/pagelist
2020-07-22 10:51:37: in
2020-07-22 10:51:37: SuccessModel {
  code: '0000',
  data: [
    {
      sortNo: 1001,
      goodsId: '101280853903474298880',
      markImageUrl: '',
      commdty: [Object],
      tags: ''
    },
    {
      sortNo: 100000,
      goodsId: '101262295087627505664',
      markImageUrl: '',
      commdty: [Object],
      tags: ''
    }
  ],
  msg: '成功'
} result
2020-07-22 10:51:37: POST /v1/goods/pagelist - 7ms
2020-07-22 10:51:37:   --> POST /v1/goods/pagelist 200 7ms 1.67kb
2020-07-22 10:51:38:   <-- POST /v1/goods/pagelist
2020-07-22 10:51:38: in
2020-07-22 10:51:38: SuccessModel {
  code: '0000',
  data: [
    {
      sortNo: 1001,
      goodsId: '101280853903474298880',
      markImageUrl: '',
      commdty: [Object],
      tags: ''
    },
    {
      sortNo: 100000,
      goodsId: '101262295087627505664',
      markImageUrl: '',
      commdty: [Object],
      tags: ''
    }
  ],
  msg: '成功'
} result
2020-07-22 10:51:38: POST /v1/goods/pagelist - 7ms
2020-07-22 10:51:38:   --> POST /v1/goods/pagelist 200 9ms 1.67kb
2020-07-22 10:51:38:   <-- POST /v1/goods/pagelist
2020-07-22 10:51:38: in
2020-07-22 10:51:38: SuccessModel {
  code: '0000',
  data: [
    {
      sortNo: 1001,
      goodsId: '101280853903474298880',
      markImageUrl: '',
      commdty: [Object],
      tags: ''
    },
    {
      sortNo: 100000,
      goodsId: '101262295087627505664',
      markImageUrl: '',
      commdty: [Object],
      tags: ''
    }
  ],
  msg: '成功'
} result
2020-07-22 10:51:38: POST /v1/goods/pagelist - 13ms
2020-07-22 10:51:38:   --> POST /v1/goods/pagelist 200 14ms 1.67kb
2020-07-22 10:51:38:   <-- POST /v1/goods/pagelist
2020-07-22 10:51:38: in
2020-07-22 10:51:38: SuccessModel {
  code: '0000',
  data: [
    {
      sortNo: 1001,
      goodsId: '101280853903474298880',
      markImageUrl: '',
      commdty: [Object],
      tags: ''
    },
    {
      sortNo: 100000,
      goodsId: '101262295087627505664',
      markImageUrl: '',
      commdty: [Object],
      tags: ''
    }
  ],
  msg: '成功'
} result
2020-07-22 10:51:38: POST /v1/goods/pagelist - 6ms
2020-07-22 10:51:38:   --> POST /v1/goods/pagelist 200 7ms 1.67kb
2020-07-22 10:51:38:   <-- POST /v1/goods/pagelist
2020-07-22 10:51:38: in
2020-07-22 10:51:38: SuccessModel {
  code: '0000',
  data: [
    {
      sortNo: 1001,
      goodsId: '101280853903474298880',
      markImageUrl: '',
      commdty: [Object],
      tags: ''
    },
    {
      sortNo: 100000,
      goodsId: '101262295087627505664',
      markImageUrl: '',
      commdty: [Object],
      tags: ''
    }
  ],
  msg: '成功'
} result
2020-07-22 10:51:38: POST /v1/goods/pagelist - 8ms
2020-07-22 10:51:38:   --> POST /v1/goods/pagelist 200 9ms 1.67kb
2020-07-22 10:51:54:   <-- POST /v1/goods/pagelist
2020-07-22 10:51:54: in
2020-07-22 10:51:54: SuccessModel {
  code: '0000',
  data: [
    {
      sortNo: 1001,
      goodsId: '101280853903474298880',
      markImageUrl: '',
      commdty: [Object],
      tags: ''
    },
    {
      sortNo: 100000,
      goodsId: '101262295087627505664',
      markImageUrl: '',
      commdty: [Object],
      tags: ''
    }
  ],
  msg: '成功'
} result
2020-07-22 10:51:54: POST /v1/goods/pagelist - 10ms
2020-07-22 10:51:54:   --> POST /v1/goods/pagelist 200 13ms 1.67kb
2020-07-22 10:51:55:   <-- POST /v1/goods/pagelist
2020-07-22 10:51:55: in
2020-07-22 10:51:55: SuccessModel {
  code: '0000',
  data: [
    {
      sortNo: 1001,
      goodsId: '101280853903474298880',
      markImageUrl: '',
      commdty: [Object],
      tags: ''
    },
    {
      sortNo: 100000,
      goodsId: '101262295087627505664',
      markImageUrl: '',
      commdty: [Object],
      tags: ''
    }
  ],
  msg: '成功'
} result
2020-07-22 10:51:55: POST /v1/goods/pagelist - 10ms
2020-07-22 10:51:55:   --> POST /v1/goods/pagelist 200 11ms 1.67kb
2020-07-22 10:52:59:   <-- POST /v1/goods/pagelist
2020-07-22 10:52:59: in
2020-07-22 10:52:59: SuccessModel {
  code: '0000',
  data: [
    {
      sortNo: 1001,
      goodsId: '101280853903474298880',
      markImageUrl: '',
      commdty: [Object],
      tags: ''
    },
    {
      sortNo: 100000,
      goodsId: '101262295087627505664',
      markImageUrl: '',
      commdty: [Object],
      tags: ''
    }
  ],
  msg: '成功'
} result
2020-07-22 10:52:59: POST /v1/goods/pagelist - 8ms
2020-07-22 10:52:59:   --> POST /v1/goods/pagelist 200 9ms 1.67kb
2020-07-22 10:53:00:   <-- POST /v1/goods/pagelist
2020-07-22 10:53:00: in
2020-07-22 10:53:00: SuccessModel {
  code: '0000',
  data: [
    {
      sortNo: 1001,
      goodsId: '101280853903474298880',
      markImageUrl: '',
      commdty: [Object],
      tags: ''
    },
    {
      sortNo: 100000,
      goodsId: '101262295087627505664',
      markImageUrl: '',
      commdty: [Object],
      tags: ''
    }
  ],
  msg: '成功'
} result
2020-07-22 10:53:00: POST /v1/goods/pagelist - 10ms
2020-07-22 10:53:00:   --> POST /v1/goods/pagelist 200 12ms 1.67kb
2020-07-22 10:53:00:   <-- POST /v1/goods/pagelist
2020-07-22 10:53:00: in
2020-07-22 10:53:00: SuccessModel {
  code: '0000',
  data: [
    {
      sortNo: 1001,
      goodsId: '101280853903474298880',
      markImageUrl: '',
      commdty: [Object],
      tags: ''
    },
    {
      sortNo: 100000,
      goodsId: '101262295087627505664',
      markImageUrl: '',
      commdty: [Object],
      tags: ''
    }
  ],
  msg: '成功'
} result
2020-07-22 10:53:00: POST /v1/goods/pagelist - 6ms
2020-07-22 10:53:00:   --> POST /v1/goods/pagelist 200 7ms 1.67kb
2020-07-22 10:53:05:   <-- POST /v1/goods/pagelist
2020-07-22 10:53:05: in
2020-07-22 10:53:05: SuccessModel {
  code: '0000',
  data: [
    {
      sortNo: 1001,
      goodsId: '101280853903474298880',
      markImageUrl: '',
      commdty: [Object],
      tags: ''
    },
    {
      sortNo: 100000,
      goodsId: '101262295087627505664',
      markImageUrl: '',
      commdty: [Object],
      tags: ''
    }
  ],
  msg: '成功'
} result
2020-07-22 10:53:05: POST /v1/goods/pagelist - 11ms
2020-07-22 10:53:05:   --> POST /v1/goods/pagelist 200 11ms 1.67kb
2020-07-22 10:53:05:   <-- POST /v1/goods/pagelist
2020-07-22 10:53:05: in
2020-07-22 10:53:05: SuccessModel {
  code: '0000',
  data: [
    {
      sortNo: 1001,
      goodsId: '101280853903474298880',
      markImageUrl: '',
      commdty: [Object],
      tags: ''
    },
    {
      sortNo: 100000,
      goodsId: '101262295087627505664',
      markImageUrl: '',
      commdty: [Object],
      tags: ''
    }
  ],
  msg: '成功'
} result
2020-07-22 10:53:05: POST /v1/goods/pagelist - 10ms
2020-07-22 10:53:05:   --> POST /v1/goods/pagelist 200 13ms 1.67kb
2020-07-22 10:53:06:   <-- POST /v1/goods/pagelist
2020-07-22 10:53:06: in
2020-07-22 10:53:06: SuccessModel {
  code: '0000',
  data: [
    {
      sortNo: 1001,
      goodsId: '101280853903474298880',
      markImageUrl: '',
      commdty: [Object],
      tags: ''
    },
    {
      sortNo: 100000,
      goodsId: '101262295087627505664',
      markImageUrl: '',
      commdty: [Object],
      tags: ''
    }
  ],
  msg: '成功'
} result
2020-07-22 10:53:06: POST /v1/goods/pagelist - 7ms
2020-07-22 10:53:06:   --> POST /v1/goods/pagelist 200 8ms 1.67kb
2020-07-22 10:53:16:   <-- POST /v1/goods/pagelist
2020-07-22 10:53:16: in
2020-07-22 10:53:16: SuccessModel {
  code: '0000',
  data: [
    {
      sortNo: 1001,
      goodsId: '101280853903474298880',
      markImageUrl: '',
      commdty: [Object],
      tags: ''
    },
    {
      sortNo: 100000,
      goodsId: '101262295087627505664',
      markImageUrl: '',
      commdty: [Object],
      tags: ''
    }
  ],
  msg: '成功'
} result
2020-07-22 10:53:16: POST /v1/goods/pagelist - 9ms
2020-07-22 10:53:16:   --> POST /v1/goods/pagelist 200 10ms 1.67kb
2020-07-22 10:53:16:   <-- POST /v1/goods/pagelist
2020-07-22 10:53:16: in
2020-07-22 10:53:16: SuccessModel {
  code: '0000',
  data: [
    {
      sortNo: 1001,
      goodsId: '101280853903474298880',
      markImageUrl: '',
      commdty: [Object],
      tags: ''
    },
    {
      sortNo: 100000,
      goodsId: '101262295087627505664',
      markImageUrl: '',
      commdty: [Object],
      tags: ''
    }
  ],
  msg: '成功'
} result
2020-07-22 10:53:16: POST /v1/goods/pagelist - 10ms
2020-07-22 10:53:16:   --> POST /v1/goods/pagelist 200 12ms 1.67kb
2020-07-22 10:53:17:   <-- POST /v1/goods/pagelist
2020-07-22 10:53:17: in
2020-07-22 10:53:17: SuccessModel {
  code: '0000',
  data: [
    {
      sortNo: 1001,
      goodsId: '101280853903474298880',
      markImageUrl: '',
      commdty: [Object],
      tags: ''
    },
    {
      sortNo: 100000,
      goodsId: '101262295087627505664',
      markImageUrl: '',
      commdty: [Object],
      tags: ''
    }
  ],
  msg: '成功'
} result
2020-07-22 10:53:17: POST /v1/goods/pagelist - 8ms
2020-07-22 10:53:17:   --> POST /v1/goods/pagelist 200 9ms 1.67kb
2020-07-22 10:53:17:   <-- POST /v1/goods/pagelist
2020-07-22 10:53:17: in
2020-07-22 10:53:17: SuccessModel {
  code: '0000',
  data: [
    {
      sortNo: 1001,
      goodsId: '101280853903474298880',
      markImageUrl: '',
      commdty: [Object],
      tags: ''
    },
    {
      sortNo: 100000,
      goodsId: '101262295087627505664',
      markImageUrl: '',
      commdty: [Object],
      tags: ''
    }
  ],
  msg: '成功'
} result
2020-07-22 10:53:17: POST /v1/goods/pagelist - 13ms
2020-07-22 10:53:17:   --> POST /v1/goods/pagelist 200 14ms 1.67kb
2020-07-22 10:53:17:   <-- POST /v1/goods/pagelist
2020-07-22 10:53:17: in
2020-07-22 10:53:17: SuccessModel {
  code: '0000',
  data: [
    {
      sortNo: 1001,
      goodsId: '101280853903474298880',
      markImageUrl: '',
      commdty: [Object],
      tags: ''
    },
    {
      sortNo: 100000,
      goodsId: '101262295087627505664',
      markImageUrl: '',
      commdty: [Object],
      tags: ''
    }
  ],
  msg: '成功'
} result
2020-07-22 10:53:17: POST /v1/goods/pagelist - 7ms
2020-07-22 10:53:17:   --> POST /v1/goods/pagelist 200 8ms 1.67kb
2020-07-22 10:53:20:   <-- POST /v1/goods/pagelist
2020-07-22 10:53:20: in
2020-07-22 10:53:20: SuccessModel {
  code: '0000',
  data: [
    {
      sortNo: 1001,
      goodsId: '101280853903474298880',
      markImageUrl: '',
      commdty: [Object],
      tags: ''
    },
    {
      sortNo: 100000,
      goodsId: '101262295087627505664',
      markImageUrl: '',
      commdty: [Object],
      tags: ''
    }
  ],
  msg: '成功'
} result
2020-07-22 10:53:20: POST /v1/goods/pagelist - 6ms
2020-07-22 10:53:20:   --> POST /v1/goods/pagelist 200 6ms 1.67kb
2020-07-22 10:53:28:   <-- POST /v1/goods/pagelist
2020-07-22 10:53:28: in
2020-07-22 10:53:28: SuccessModel {
  code: '0000',
  data: [
    {
      sortNo: 1001,
      goodsId: '101280853903474298880',
      markImageUrl: '',
      commdty: [Object],
      tags: ''
    },
    {
      sortNo: 100000,
      goodsId: '101262295087627505664',
      markImageUrl: '',
      commdty: [Object],
      tags: ''
    }
  ],
  msg: '成功'
} result
2020-07-22 10:53:28: POST /v1/goods/pagelist - 9ms
2020-07-22 10:53:28:   --> POST /v1/goods/pagelist 200 9ms 1.67kb
